1 101 119
201 302 128
401 503 142
601 704 171
801 905 179
1001 1106 169
1201 1307 177
1401 1508 172
1601 1709 180
1801 1910 175
2001 2111 170
2201 2312 183
2401 2513 209
2601 2714 191
2801 2915 173
3001 3116 186
3201 3317 168
3401 3518 181
3601 3719 238
3801 3920 176
4001 4121 189
4201 4322 202
4401 4523 184
4601 4724 184
4801 4925 179
5001 5126 179
5201 5327 192
5401 5528 192
5601 5729 205
5801 5930 218
6001 6131 187
6201 6332 200
6401 6533 200
6601 6734 182
6801 6935 226
7001 7136 195
7201 7337 195
7401 7538 239
7601 7739 177
7801 7940 190
8001 8141 190
8201 8342 203
8401 8543 203
8601 8744 203
8801 8945 185
9001 9146 185
9201 9347 260
9401 9548 198
9601 9749 185
9801 9950 242
10001 10151 224
10201 10352 242
10401 10553 255
10601 10754 255
10801 10955 206
11001 11156 237
11201 11357 206
11401 11558 237
11601 11759 219
11801 11960 250
12001 12161 250
12201 12362 263
12401 12563 232
12601 12764 201
12801 12965 170
13001 13166 214
13201 13367 276
13401 13568 245
13601 13769 214
13801 13970 258
14001 14171 196
14201 14372 196
14401 14573 209
14601 14774 271
14801 14975 240
15001 15176 271
15201 15377 240
15401 15578 222
15601 15779 253
15801 15980 253
16001 16181 235
16201 16382 204
16401 16583 266
16601 16784 266
16801 16985 204
17001 17186 235
17201 17387 235
17401 17588 248
17601 17789 279
17801 17990 248
18001 18191 186
18201 18392 248
18401 18593 261
18601 18794 230
18801 18995 261
19001 19196 199
19201 19397 212
19401 19598 274
19601 19799 243
19801 20000 274
20001 20201 243
20201 20402 243
20401 20603 243
20601 20804 225
20801 21005 256
21001 21206 225
21201 21407 256
21401 21608 238
21601 21809 207
21801 22010 269
22001 22211 269
22201 22412 269
22401 22613 269
22601 22814 238
22801 23015 238
23001 23216 238
23201 23417 220
23401 23618 282
23601 23819 251
23801 24020 251
24001 24221 251
24201 24422 251
24401 24623 233
24601 24824 264
24801 25025 233
25001 25226 264
25201 25427 246
25401 25628 233
25601 25829 233
25801 26030 233
26001 26231 202
26201 26432 246
26401 26633 308
26601 26834 308
26801 27035 246
27001 27236 259
27201 27437 246
27401 27638 215
27601 27839 259
27801 28040 259
28001 28241 228
28201 28442 259
28401 28643 228
28601 28844 228
28801 29045 228
29001 29246 241
29201 29447 272
29401 29648 210
29601 29849 272
29801 30050 272
30001 30251 272
30201 30452 241
30401 30653 241
30601 30854 254
30801 31055 210
31001 31256 254
31201 31457 285
31401 31658 285
31601 31859 285
31801 32060 254
32001 32261 254
32201 32462 267
32401 32663 267
32601 32864 236
32801 33065 267
33001 33266 267
33201 33467 236
33401 33668 267
33601 33869 267
33801 34070 267
34001 34271 311
34201 34472 311
34401 34673 249
34601 34874 280
34801 35075 218
35001 35276 249
35201 35477 280
35401 35678 324
35601 35879 324
35801 36080 249
36001 36281 249
36201 36482 249
36401 36683 249
36601 36884 218
36801 37085 262
37001 37286 262
37201 37487 262
37401 37688 306
37601 37889 262
37801 38090 244
38001 38291 244
38201 38492 231
38401 38693 231
38601 38894 244
38801 39095 275
39001 39296 275
39201 39497 244
39401 39698 244
39601 39899 275
39801 40100 306
40001 40301 275
40201 40502 244
40401 40703 257
40601 40904 257
40801 41105 288
41001 41306 244
41201 41507 226
41401 41708 257
41601 41909 257
41801 42110 257
42001 42311 288
42201 42512 288
42401 42713 257
42601 42914 257
42801 43115 239
43001 43316 257
43201 43517 226
43401 43718 226
43601 43919 270
43801 44120 270
44001 44321 270
44201 44522 239
44401 44723 270
44601 44924 270
44801 45125 283
45001 45326 314
45201 45527 239
45401 45728 239
45601 45929 239
45801 46130 252
46001 46331 252
46201 46532 283
46401 46733 283
46601 46934 252
46801 47135 283
47001 47336 314
47201 47537 314
47401 47738 283
47601 47939 252
47801 48140 252
48001 48341 252
48201 48542 252
48401 48743 265
48601 48944 296
48801 49145 296
49001 49346 234
49201 49547 265
49401 49748 296
49601 49949 265
49801 50150 265
50001 50351 265
50201 50552 265
50401 50753 234
50601 50954 278
50801 51155 278
51001 51356 265
51201 51557 309
51401 51758 234
51601 51959 247
51801 52160 278
52001 52361 278
52201 52562 340
52401 52763 340
52601 52964 278
52801 53165 278
53001 53366 309
53201 53567 322
53401 53768 322
53601 53969 247
53801 54170 247
54001 54371 260
54201 54572 260
54401 54773 260
54601 54974 247
54801 55175 216
55001 55376 260
55201 55577 260
55401 55778 260
55601 55979 260
55801 56180 322
56001 56381 322
56201 56582 304
56401 56783 291
56601 56984 291
56801 57185 304
57001 57386 304
57201 57587 260
57401 57788 273
57601 57989 273
57801 58190 229
58001 58391 242
58201 58592 273
58401 58793 273
58601 58994 273
58801 59195 273
59001 59396 273
59201 59597 273
59401 59798 273
59601 59999 304
59801 60200 317
60001 60401 317
60201 60602 286
60401 60803 273
60601 61004 335
60801 61205 335
61001 61406 255
61201 61607 286
61401 61808 286
61601 62009 317
61801 62210 317
62001 62411 255
62201 62612 255
62401 62813 286
62601 63014 286
62801 63215 317
63001 63416 330
63201 63617 330
63401 63818 255
63601 64019 255
63801 64220 255
64001 64421 299
64201 64622 299
64401 64823 255
64601 65024 268
64801 65225 268
65001 65426 224
65201 65627 268
65401 65828 268
65601 66029 268
65801 66230 268
66001 66431 268
66201 66632 268
66401 66833 268
66601 67034 268
66801 67235 268
67001 67436 268
67201 67637 281
67401 67838 312
67601 68039 312
67801 68240 312
68001 68441 312
68201 68642 312
68401 68843 312
68601 69044 237
68801 69245 250
69001 69446 281
69201 69647 299
69401 69848 299
69601 70049 281
69801 70250 281
70001 70451 312
70201 70652 312
70401 70853 281
70601 71054 312
70801 71255 312
71001 71456 325
71201 71657 325
71401 71858 250
71601 72059 250
71801 72260 250
72001 72461 263
72201 72662 263
72401 72863 263
72601 73064 294
72801 73265 294
73001 73466 294
73201 73667 294
73401 73868 294
73601 74069 294
73801 74270 263
74001 74471 294
74201 74672 294
74401 74873 325
74601 75074 325
74801 75275 307
75001 75476 307
75201 75677 263
75401 75878 294
75601 76079 294
75801 76280 307
76001 76481 307
76201 76682 276
76401 76883 307
76601 77084 351
76801 77285 351
77001 77486 351
77201 77687 232
77401 77888 245
77601 78089 276
77801 78290 276
78001 78491 307
78201 78692 307
78401 78893 338
78601 79094 338
78801 79295 307
79001 79496 307
79201 79697 276
79401 79898 307
79601 80099 307
79801 80300 320
80001 80501 320
80201 80702 320
80401 80903 276
80601 81104 276
80801 81305 320
81001 81506 320
81201 81707 258
81401 81908 258
81601 82109 289
81801 82310 289
82001 82511 307
82201 82712 320
82401 82913 320
82601 83114 320
82801 83315 289
83001 83516 289
83201 83717 289
83401 83918 289
83601 84119 289
83801 84320 320
84001 84521 320
84201 84722 302
84401 84923 289
84601 85124 289
84801 85325 289
85001 85526 289
85201 85727 302
85401 85928 302
85601 86129 302
85801 86330 302
86001 86531 302
86201 86732 271
86401 86933 271
86601 87134 333
86801 87335 333
87001 87536 333
87201 87737 240
87401 87938 271
87601 88139 333
87801 88340 333
88001 88541 333
88201 88742 271
88401 88943 271
88601 89144 315
88801 89345 315
89001 89546 315
89201 89747 302
89401 89948 302
89601 90149 302
89801 90350 315
90001 90551 315
90201 90752 315
90401 90953 271
90601 91154 271
90801 91355 315
91001 91556 333
91201 91757 333
91401 91958 333
91601 92159 284
91801 92360 284
92001 92561 284
92201 92762 302
92401 92963 302
92601 93164 315
92801 93365 315
93001 93566 284
93201 93767 284
93401 93968 253
93601 94169 284
93801 94370 284
94001 94571 284
94201 94772 315
94401 94973 315
94601 95174 328
94801 95375 328
95001 95576 328
95201 95777 284
95401 95978 284
95601 96179 284
95801 96380 253
96001 96581 297
96201 96782 297
96401 96983 266
96601 97184 253
96801 97385 266
97001 97586 297
97201 97787 297
97401 97988 297
97601 98189 297
97801 98390 297
98001 98591 266
98201 98792 266
98401 98993 284
98601 99194 328
98801 99395 328
99001 99596 328
99201 99797 328
99401 99998 328
99601 100199 341
99801 100400 341
100001 100601 341
100201 100802 266
100401 101003 266
100601 101204 297
100801 101405 297
101001 101606 310
101201 101807 310
101401 102008 310
101601 102209 279
101801 102410 310
102001 102611 310
102201 102812 310
102401 103013 310
102601 103214 310
102801 103415 235
103001 103616 235
103201 103817 248
103401 104018 248
103601 104219 279
103801 104420 297
104001 104621 310
104201 104822 310
104401 105023 310
104601 105224 341
104801 105425 341
105001 105626 341
105201 105827 310
105401 106028 310
105601 106229 279
105801 106430 354
106001 106631 354
106201 106832 354
106401 107033 323
106601 107234 323
106801 107435 323
107001 107636 292
107201 107837 279
107401 108038 279
107601 108239 279
107801 108440 279
108001 108641 279
108201 108842 261
108401 109043 261
108601 109244 292
108801 109445 292
109001 109646 292
109201 109847 292
109401 110048 310
109601 110249 310
109801 110450 310
110001 110651 292
110201 110852 292
110401 111053 292
110601 111254 292
110801 111455 323
111001 111656 323
111201 111857 323
111401 112058 323
111601 112259 323
111801 112460 323
112001 112661 323
112201 112862 305
112401 113063 305
112601 113264 292
112801 113465 292
113001 113666 292
113201 113867 292
113401 114068 292
113601 114269 305
113801 114470 305
114001 114671 305
114201 114872 305
114401 115073 305
114601 115274 305
114801 115475 305
115001 115676 349
115201 115877 349
115401 116078 349
115601 116279 323
115801 116480 305
116001 116681 305
116201 116882 305
116401 117083 305
116601 117284 274
116801 117485 274
117001 117686 305
117201 117887 305
117401 118088 305
117601 118289 336
117801 118490 336
118001 118691 336
118201 118892 318
118401 119093 318
118601 119294 318
118801 119495 318
119001 119696 305
119201 119897 305
119401 120098 305
119601 120299 305
119801 120500 318
120001 120701 318
120201 120902 318
120401 121103 287
120601 121304 274
120801 121505 274
121001 121706 274
121201 121907 318
121401 122108 336
121601 122309 336
121801 122510 336
122001 122711 256
122201 122912 318
122401 123113 318
122601 123314 318
122801 123515 331
123001 123716 331
123201 123917 331
123401 124118 318
123601 124319 318
123801 124520 318
124001 124721 287
124201 124922 287
124401 125123 287
124601 125324 287
124801 125525 318
125001 125726 318
125201 125927 318
125401 126128 287
125601 126329 318
125801 126530 318
126001 126731 318
126201 126932 331
126401 127133 331
126601 127334 331
126801 127535 300
127001 127736 287
127201 127937 256
127401 128138 287
127601 128339 331
127801 128540 331
128001 128741 331
128201 128942 331
128401 129143 331
128601 129344 331
128801 129545 300
129001 129746 300
129201 129947 300
129401 130148 344
129601 130349 344
129801 130550 344
130001 130751 331
130201 130952 331
130401 131153 331
130601 131354 331
130801 131555 300
131001 131756 300
131201 131957 269
131401 132158 331
131601 132359 331
131801 132560 331
132001 132761 331
132201 132962 331
132401 133163 331
132601 133364 331
132801 133565 331
133001 133766 313
133201 133967 313
133401 134168 313
133601 134369 313
133801 134570 300
134001 134771 269
134201 134972 300
134401 135173 344
134601 135374 344
134801 135575 344
135001 135776 344
135201 135977 313
135401 136178 282
135601 136379 313
135801 136580 313
136001 136781 313
136201 136982 313
136401 137183 313
136601 137384 331
136801 137585 331
137001 137786 331
137201 137987 313
137401 138188 313
137601 138389 313
137801 138590 313
138001 138791 313
138201 138992 313
138401 139193 300
138601 139394 300
138801 139595 313
139001 139796 313
139201 139997 313
139401 140198 344
139601 140399 344
139801 140600 344
140001 140801 344
140201 141002 326
140401 141203 326
140601 141404 313
140801 141605 282
141001 141806 326
141201 142007 326
141401 142208 326
141601 142409 326
141801 142610 375
142001 142811 375
142201 143012 375
142401 143213 375
142601 143414 326
142801 143615 282
143001 143816 282
143201 144017 282
143401 144218 282
143601 144419 326
143801 144620 326
144001 144821 326
144201 145022 326
144401 145223 295
144601 145424 264
144801 145625 264
145001 145826 295
145201 146027 295
145401 146228 295
145601 146429 295
145801 146630 357
146001 146831 357
146201 147032 357
146401 147233 357
146601 147434 295
146801 147635 295
147001 147836 295
147201 148037 295
147401 148238 295
147601 148439 264
147801 148640 326
148001 148841 326
148201 149042 326
148401 149243 326
148601 149444 326
148801 149645 326
149001 149846 326
149201 150047 370
149401 150248 370
149601 150449 370
149801 150650 370
150001 150851 370
150201 151052 339
150401 151253 295
150601 151454 295
150801 151655 295
151001 151856 295
151201 152057 295
151401 152258 295
151601 152459 308
151801 152660 308
152001 152861 308
152201 153062 308
152401 153263 277
152601 153464 308
152801 153665 308
153001 153866 308
153201 154067 352
153401 154268 352
153601 154469 352
153801 154670 352
154001 154871 352
154201 155072 326
154401 155273 308
154601 155474 308
154801 155675 308
155001 155876 308
155201 156077 308
155401 156278 383
155601 156479 383
155801 156680 383
156001 156881 383
156201 157082 308
156401 157283 308
156601 157484 308
156801 157685 339
157001 157886 339
157201 158087 339
157401 158288 339
157601 158489 321
157801 158690 321
158001 158891 321
158201 159092 321
158401 159293 321
158601 159494 352
158801 159695 352
159001 159896 352
159201 160097 352
159401 160298 308
159601 160499 370
159801 160700 370
160001 160901 370
160201 161102 370
160401 161303 370
160601 161504 290
160801 161705 277
161001 161906 290
161201 162107 290
161401 162308 290
161601 162509 321
161801 162710 339
162001 162911 339
162201 163112 339
162401 163313 339
162601 163514 339
162801 163715 259
163001 163916 321
163201 164117 321
163401 164318 321
163601 164519 321
163801 164720 334
164001 164921 334
164201 165122 334
164401 165323 334
164601 165524 321
164801 165725 321
165001 165926 321
165201 166127 352
165401 166328 352
165601 166529 352
165801 166730 352
166001 166931 352
166201 167132 334
166401 167333 334
166601 167534 321
166801 167735 321
167001 167936 321
167201 168137 290
167401 168338 321
167601 168539 321
167801 168740 321
168001 168941 321
168201 169142 334
168401 169343 334
168601 169544 334
168801 169745 334
169001 169946 334
169201 170147 290
169401 170348 290
169601 170549 290
169801 170750 290
170001 170951 290
170201 171152 334
170401 171353 334
170601 171554 334
170801 171755 334
171001 171956 334
171201 172157 334
171401 172358 334
171601 172559 334
171801 172760 303
172001 172961 303
172201 173162 303
172401 173363 347
172601 173564 347
172801 173765 347
173001 173966 347
173201 174167 347
173401 174368 334
173601 174569 334
173801 174770 334
174001 174971 334
174201 175172 303
174401 175373 303
174601 175574 303
174801 175775 303
175001 175976 272
175201 176177 334
175401 176378 334
175601 176579 334
175801 176780 334
176001 176981 334
176201 177182 303
176401 177383 334
176601 177584 334
176801 177785 334
177001 177986 334
177201 178187 347
177401 178388 347
177601 178589 347
177801 178790 347
178001 178991 347
178201 179192 316
178401 179393 303
178601 179594 303
178801 179795 303
179001 179996 303
179201 180197 303
179401 180398 303
179601 180599 365
179801 180800 365
180001 181001 365
180201 181202 365
180401 181403 365
180601 181604 285
180801 181805 272
181001 182006 316
181201 182207 316
181401 182408 316
181601 182609 316
181801 182810 316
182001 183011 334
182201 183212 334
182401 183413 334
182601 183614 334
182801 183815 334
183001 184016 254
183201 184217 316
183401 184418 316
183601 184619 316
183801 184820 316
184001 185021 316
184201 185222 329
184401 185423 329
184601 185624 329
184801 185825 329
185001 186026 329
185201 186227 316
185401 186428 316
185601 186629 316
185801 186830 347
186001 187031 347
186201 187232 347
186401 187433 347
186601 187634 347
186801 187835 329
187001 188036 329
187201 188237 329
187401 188438 316
187601 188639 316
187801 188840 316
188001 189041 316
188201 189242 316
188401 189443 316
188601 189644 316
188801 189845 316
189001 190046 360
189201 190247 360
189401 190448 360
189601 190649 360
189801 190850 360
190001 191051 329
190201 191252 298
190401 191453 285
190601 191654 329
190801 191855 329
191001 192056 329
191201 192257 329
191401 192458 329
191601 192659 329
191801 192860 347
192001 193061 347
192201 193262 347
192401 193463 347
192601 193664 347
192801 193865 329
193001 194066 329
193201 194267 329
193401 194468 329
193601 194669 329
193801 194870 329
194001 195071 342
194201 195272 342
194401 195473 360
194601 195674 360
194801 195875 360
195001 196076 360
195201 196277 360
195401 196478 360
195601 196679 329
195801 196880 329
196001 197081 298
196201 197282 298
196401 197483 298
196601 197684 298
196801 197885 267
197001 198086 285
197201 198287 329
197401 198488 329
197601 198689 329
197801 198890 329
198001 199091 329
198201 199292 329
198401 199493 329
198601 199694 329
198801 199895 329
199001 200096 329
199201 200297 329
199401 200498 342
199601 200699 342
199801 200900 342
